<?xml version="1.0" encoding="UTF-8"?>
<!-- Generated by org.testng.reporters.JUnitReportReporter -->
<testsuite hostname="PRINHYLTPHP0476" name="com.imaginea.corridortaskJen.CorridorFeatures" tests="6" failures="0" timestamp="29 Jul 2019 09:37:11 GMT" time="38.407" errors="0">
  <testcase name="mainDriverForChrome" time="4.463" classname="com.imaginea.corridortaskJen.CorridorFeatures"/>
  <testcase name="profileLaunch" time="4.771" classname="com.imaginea.corridortaskJen.CorridorFeatures"/>
  <testcase name="letsMeet" time="4.292" classname="com.imaginea.corridortaskJen.CorridorFeatures"/>
  <testcase name="HolidayList" time="7.017" classname="com.imaginea.corridortaskJen.CorridorFeatures"/>
  <testcase name="TripToPlan" time="5.084" classname="com.imaginea.corridortaskJen.CorridorFeatures"/>
  <testcase name="phoneBook" time="12.780" classname="com.imaginea.corridortaskJen.CorridorFeatures"/>
</testsuite> <!-- com.imaginea.corridortaskJen.CorridorFeatures -->
